<?xml version="1.0" encoding="UTF-8"?>
<!-- Generated by org.testng.reporters.JUnitXMLReporter -->
<testsuite hostname="DESKTOP-BG6S5C8" ignored="0" name="Default test" tests="5" failures="0" timestamp="07 Sep 2020 13:19:15 GMT" time="8.144" errors="0">
  <testcase name="testCase1" time="0.012" classname="org.testtask.Grouptask1"/>
  <testcase name="testCase2" time="0.012" classname="org.testtask.Grouptask1"/>
  <testcase name="testCase4" time="0.002" classname="org.testtask.Grouptask1"/>
  <testcase name="testCase5" time="0.004" classname="org.testtask.Grouptask1"/>
  <testcase name="testCase3" time="0.009" classname="org.testtask.Grouptask1"/>
</testsuite> <!-- Default test -->
