<?xml version="1.0" encoding="UTF-8"?>
<!-- Generated by org.testng.reporters.JUnitXMLReporter -->
<testsuite hostname="DESKTOP-BG6S5C8" ignored="0" name="Test" tests="10" failures="0" timestamp="09 Sep 2020 16:15:08 GMT" time="0.22" errors="0">
  <testcase name="testCase11" time="0.038" classname="org.parallel.ClassA"/>
  <testcase name="testCase1" time="0.054" classname="org.parallel.ClassB"/>
  <testcase name="testCase12" time="0.0" classname="org.parallel.ClassA"/>
  <testcase name="testCase13" time="0.0" classname="org.parallel.ClassA"/>
  <testcase name="testCase2" time="0.031" classname="org.parallel.ClassB"/>
  <testcase name="testCase14" time="0.016" classname="org.parallel.ClassA"/>
  <testcase name="testCase3" time="0.016" classname="org.parallel.ClassB"/>
  <testcase name="testCase4" time="0.015" classname="org.parallel.ClassB"/>
  <testcase name="testCase15" time="0.02" classname="org.parallel.ClassA"/>
  <testcase name="testCase5" time="0.002" classname="org.parallel.ClassB"/>
</testsuite> <!-- Test -->
